<?xml version="1.0" encoding="UTF-8"?>
<!-- Generated by org.testng.reporters.JUnitReportReporter -->
<testsuite hostname="LAPTOP-KNO4FTC0" name="sc_02.ForgotPassword" tests="1" failures="0" timestamp="26 Sep 2017 09:49:46 GMT" time="0.901" errors="0">
  <testcase name="ForgotPasswordTest" time="0.901" classname="sc_02.ForgotPassword"/>
</testsuite> <!-- sc_02.ForgotPassword -->
